1INFO:root:Ran with args: ('Ram', 30)
2INFO:root:Ran with args: ('Ram', 30)
3INFO:root:Ran with args: ('Ram', 30)
INFO:root:Ran with args: ('SHAM', 30)
INFO:root:Ran with args: ('Ram', 30)
INFO:root:Ran with args: ('Ram', 30)
INFO:root:wrap ran in: 1.00200009346 sec
INFO:root:Ran with args: ('Ram', 30)
INFO:root:wrap ran in: 1.00099992752 sec
INFO:root:Ran with args: ('Ram', 30)
INFO:root:wrap ran in: 1.00200009346 sec
12INFO:root:Ran with args: ('Tom', 31)
INFO:root:wrap ran in: 1.0 sec
INFO:root:Ran with args: ('Ram', 30)
INFO:root:Ran with args: ('SHAM', 30)
16INFO:root:Ran with args: ('Ram', 30)
INFO:root:Ran with args: ('Ram', 30)
INFO:root:Ran with args: ('Ram', 30)
INFO:root:Ran with args: ('SHAM', 30)
INFO:root:Ran with args: ('Ram', 30)
INFO:root:Ran with args: ('Ram', 30)
INFO:root:wrap ran in: 1.00200009346 sec
23INFO:root:Ran with args: ('Ram', 30)
INFO:root:wrap ran in: 1.00099992752 sec
INFO:root:Ran with args: ('Ram', 30)
INFO:root:wrap ran in: 1.00200009346 sec
INFO:root:Ran with args: ('Tom', 31)
INFO:root:wrap ran in: 1.0 sec
INFO:root:Ran with args: ('Ram', 30)
INFO:root:Ran with args: ('SHAM', 30)
INFO:root:Ran with args: ('Ram', 30)
32INFO:root:Ran with args: ('Ram', 30)
INFO:root:Ran with args: ('Ram', 30)
34INFO:root:Ran with args: ('SHAM', 30)
INFO:root:Ran with args: ('Ram', 30)
INFO:root:Ran with args: ('Ram', 30)
INFO:root:wrap ran in: 1.00200009346 sec
INFO:root:Ran with args: ('Ram', 30)
INFO:root:wrap ran in: 1.00099992752 sec
INFO:root:Ran with args: ('Ram', 30)
INFO:root:wrap ran in: 1.00200009346 sec
INFO:root:Ran with args: ('Tom', 31)
INFO:root:wrap ran in: 1.0 sec
44INFO:root:Ran with args: ('Ram', 30)
INFO:root:Ran with args: ('SHAM', 30)
INFO:root:Ran with args: ('Ram', 30)
INFO:root:Ran with args: ('Ram', 30)
48INFO:root:Ran with args: ('Ram', 30)
49INFO:root:Ran with args: ('SHAM', 30)
INFO:root:Ran with args: ('Ram', 30)
INFO:root:Ran with args: ('Ram', 30)
INFO:root:wrap ran in: 1.00200009346 sec
INFO:root:Ran with args: ('Ram', 30)
INFO:root:wrap ran in: 1.00099992752 sec
55INFO:root:Ran with args: ('Ram', 30)
INFO:root:wrap ran in: 1.00200009346 sec
INFO:root:Ran with args: ('Tom', 31)
INFO:root:wrap ran in: 1.0 sec
INFO:root:Ran with args: ('Ram', 30)
INFO:root:Ran with args: ('SHAM', 30)
INFO:root:Ran with args: ('Ram', 30)
INFO:root:Ran with args: ('Ram', 30)
63INFO:root:Ran with args: ('Ram', 30)
64INFO:root:Ran with args: ('SHAM', 30)
65INFO:root:Ran with args: ('Ram', 30)
INFO:root:Ran with args: ('Ram', 30)
INFO:root:wrap ran in: 1.00200009346 sec
INFO:root:Ran with args: ('Ram', 30)
INFO:root:wrap ran in: 1.00099992752 sec
INFO:root:Ran with args: ('Ram', 30)
INFO:root:wrap ran in: 1.00200009346 sec
72INFO:root:Ran with args: ('Tom', 31)
73INFO:root:wrap ran in: 1.0 sec
INFO:root:Ran with args: ('Ram', 30)
INFO:root:Ran with args: ('SHAM', 30)
INFO:root:Ran with args: ('Ram', 30)
INFO:root:Ran with args: ('Ram', 30)
INFO:root:Ran with args: ('Ram', 30)
INFO:root:Ran with args: ('SHAM', 30)
80INFO:root:Ran with args: ('Ram', 30)
81INFO:root:Ran with args: ('Ram', 30)
82INFO:root:wrap ran in: 1.00200009346 sec
INFO:root:Ran with args: ('Ram', 30)
INFO:root:wrap ran in: 1.00099992752 sec
INFO:root:Ran with args: ('Ram', 30)
INFO:root:wrap ran in: 1.00200009346 sec
INFO:root:Ran with args: ('Tom', 31)
INFO:root:wrap ran in: 1.0 sec
INFO:root:Ran with args: ('Ram', 30)
INFO:root:Ran with args: ('SHAM', 30)
91INFO:root:Ran with args: ('Ram', 30)
INFO:root:Ran with args: ('Ram', 30)
INFO:root:Ran with args: ('Ram', 30)
INFO:root:Ran with args: ('SHAM', 30)
INFO:root:Ran with args: ('Ram', 30)
96INFO:root:Ran with args: ('Ram', 30)
97INFO:root:wrap ran in: 1.00200009346 sec
INFO:root:Ran with args: ('Ram', 30)
INFO:root:wrap ran in: 1.00099992752 sec
INFO:root:Ran with args: ('Ram', 30)
101INFO:root:wrap ran in: 1.00200009346 sec
INFO:root:Ran with args: ('Tom', 31)
INFO:root:wrap ran in: 1.0 sec
INFO:root:Ran with args: ('Ram', 30)
INFO:root:Ran with args: ('SHAM', 30)
INFO:root:Ran with args: ('Ram', 30)
INFO:root:Ran with args: ('Ram', 30)
INFO:root:Ran with args: ('Ram', 30)
INFO:root:Ran with args: ('SHAM', 30)
INFO:root:Ran with args: ('Ram', 30)
INFO:root:Ran with args: ('Ram', 30)
112INFO:root:wrap ran in: 1.00200009346 sec
113INFO:root:Ran with args: ('Ram', 30)
114INFO:root:wrap ran in: 1.00099992752 sec
INFO:root:Ran with args: ('Ram', 30)
INFO:root:wrap ran in: 1.00200009346 sec
INFO:root:Ran with args: ('Tom', 31)
INFO:root:wrap ran in: 1.0 sec
INFO:root:Ran with args: ('Ram', 30)
INFO:root:Ran with args: ('SHAM', 30)
INFO:root:Ran with args: ('Ram', 30)
INFO:root:Ran with args: ('Ram', 30)
INFO:root:Ran with args: ('Ram', 30)
INFO:root:Ran with args: ('SHAM', 30)
INFO:root:Ran with args: ('Ram', 30)
INFO:root:Ran with args: ('Ram', 30)
INFO:root:wrap ran in: 1.00200009346 sec
128INFO:root:Ran with args: ('Ram', 30)
129INFO:root:wrap ran in: 1.00099992752 sec
INFO:root:Ran with args: ('Ram', 30)
INFO:root:wrap ran in: 1.00200009346 sec
INFO:root:Ran with args: ('Tom', 31)
133INFO:root:wrap ran in: 1.0 sec
INFO:root:Ran with args: ('Ram', 30)
INFO:root:Ran with args: ('SHAM', 30)
INFO:root:Ran with args: ('Ram', 30)
INFO:root:Ran with args: ('Ram', 30)
INFO:root:Ran with args: ('Ram', 30)
INFO:root:Ran with args: ('Ram', 30)
INFO:root:Ran with args: ('Ram', 30)
INFO:root:Ran with args: ('Ram', 30)
INFO:root:Ran with args: ('SHAM', 30)
INFO:root:Ran with args: ('Ram', 30)
144INFO:root:Ran with args: ('Ram', 30)
145INFO:root:wrap ran in: 1.00200009346 sec
INFO:root:Ran with args: ('Ram', 30)
INFO:root:wrap ran in: 1.00099992752 sec
INFO:root:Ran with args: ('Ram', 30)
INFO:root:wrap ran in: 1.00200009346 sec
INFO:root:Ran with args: ('Tom', 31)
INFO:root:wrap ran in: 1.0 sec
INFO:root:Ran with args: ('Ram', 30)
INFO:root:Ran with args: ('SHAM', 30)
INFO:root:Ran with args: ('Ram', 30)
INFO:root:Ran with args: ('Ram', 30)
INFO:root:Ran with args: ('Ram', 30)
INFO:root:Ran with args: ('SHAM', 30)
INFO:root:Ran with args: ('Ram', 30)
159INFO:root:Ran with args: ('Ram', 30)
INFO:root:wrap ran in: 1.00200009346 sec
INFO:root:Ran with args: ('Ram', 30)
INFO:root:wrap ran in: 1.00099992752 sec
INFO:root:Ran with args: ('Ram', 30)
INFO:root:wrap ran in: 1.00200009346 sec
INFO:root:Ran with args: ('Tom', 31)
INFO:root:wrap ran in: 1.0 sec
INFO:root:Ran with args: ('Ram', 30)
INFO:root:Ran with args: ('SHAM', 30)
